# JRE version: OpenJDK Runtime Environment Temurin-17.0.9+9 (17.0.9+9) (build 17.0.9+9)
# Java VM: OpenJDK 64-Bit Server VM Temurin-17.0.9+9 (17.0.9+9, mixed mode, tiered, compressed oops, compressed class ptrs, g1 gc, linux-amd64)
GC Precious Log:
 CPUs: 6 total, 6 available
 Memory: 15791M
 Large Page Support: Disabled
 NUMA Support: Disabled
 Compressed Oops: Enabled (32-bit)
 Heap Region Size: 1M
 Heap Min Capacity: 256M
 Heap Initial Capacity: 256M
 Heap Max Capacity: 2G
 Pre-touch: Disabled
 Parallel Workers: 6
 Concurrent Workers: 2
 Concurrent Refinement Workers: 6
 Periodic GC: Disabled
Heap:
 garbage-first heap   total 262144K, used 111277K [0x0000000080000000, 0x0000000100000000)
  region size 1024K, 91 young (93184K), 20 survivors (20480K)
 Metaspace       used 50614K, committed 51904K, reserved 1114112K
  class space    used 6122K, committed 6656K, reserved 1048576K
GC Heap History (10 events):
Event: 0.426 GC heap before
{Heap before GC invocations=0 (full 0):
 garbage-first heap   total 262144K, used 20480K [0x0000000080000000, 0x0000000100000000)
  region size 1024K, 21 young (21504K), 0 survivors (0K)
 Metaspace       used 11523K, committed 11648K, reserved 1114112K
  class space    used 1141K, committed 1216K, reserved 1048576K
}
Event: 0.429 GC heap after
{Heap after GC invocations=1 (full 0):
 garbage-first heap   total 262144K, used 5378K [0x0000000080000000, 0x0000000100000000)
  region size 1024K, 3 young (3072K), 3 survivors (3072K)
 Metaspace       used 11523K, committed 11648K, reserved 1114112K
  class space    used 1141K, committed 1216K, reserved 1048576K
}
Event: 0.746 GC heap before
{Heap before GC invocations=1 (full 0):
 garbage-first heap   total 262144K, used 25858K [0x0000000080000000, 0x0000000100000000)
  region size 1024K, 23 young (23552K), 3 survivors (3072K)
 Metaspace       used 18008K, committed 18432K, reserved 1114112K
  class space    used 1876K, committed 2048K, reserved 1048576K
}
Event: 0.751 GC heap after
{Heap after GC invocations=2 (full 0):
 garbage-first heap   total 262144K, used 7940K [0x0000000080000000, 0x0000000100000000)
  region size 1024K, 3 young (3072K), 3 survivors (3072K)
 Metaspace       used 18008K, committed 18432K, reserved 1114112K
  class space    used 1876K, committed 2048K, reserved 1048576K
}
Event: 0.897 GC heap before
{Heap before GC invocations=2 (full 0):
 garbage-first heap   total 262144K, used 18180K [0x0000000080000000, 0x0000000100000000)
  region size 1024K, 15 young (15360K), 3 survivors (3072K)
 Metaspace       used 21007K, committed 21504K, reserved 1114112K
  class space    used 2196K, committed 2432K, reserved 1048576K
}
Event: 0.899 GC heap after
{Heap after GC invocations=3 (full 0):
 garbage-first heap   total 262144K, used 10082K [0x0000000080000000, 0x0000000100000000)
  region size 1024K, 5 young (5120K), 5 survivors (5120K)
 Metaspace       used 21007K, committed 21504K, reserved 1114112K
  class space    used 2196K, committed 2432K, reserved 1048576K
}
Event: 2.402 GC heap before
{Heap before GC invocations=4 (full 0):
 garbage-first heap   total 262144K, used 75618K [0x0000000080000000, 0x0000000100000000)
  region size 1024K, 70 young (71680K), 5 survivors (5120K)
 Metaspace       used 35144K, committed 36160K, reserved 1114112K
  class space    used 4018K, committed 4416K, reserved 1048576K
}
Event: 2.410 GC heap after
{Heap after GC invocations=5 (full 0):
 garbage-first heap   total 262144K, used 17938K [0x0000000080000000, 0x0000000100000000)
  region size 1024K, 12 young (12288K), 12 survivors (12288K)
 Metaspace       used 35144K, committed 36160K, reserved 1114112K
  class space    used 4018K, committed 4416K, reserved 1048576K
}
Event: 5.544 GC heap before
{Heap before GC invocations=6 (full 0):
 garbage-first heap   total 262144K, used 195090K [0x0000000080000000, 0x0000000100000000)
  region size 1024K, 153 young (156672K), 12 survivors (12288K)
 Metaspace       used 48202K, committed 49472K, reserved 1114112K
  class space    used 5849K, committed 6336K, reserved 1048576K
}
Event: 5.561 GC heap after
{Heap after GC invocations=7 (full 0):
 garbage-first heap   total 262144K, used 39597K [0x0000000080000000, 0x0000000100000000)
  region size 1024K, 20 young (20480K), 20 survivors (20480K)
 Metaspace       used 48202K, committed 49472K, reserved 1114112K
  class space    used 5849K, committed 6336K, reserved 1048576K
}

